ネットワーク: 1:PReLU - (32:PReLU x 3) - 10
検証: epoch=1 average: train={MAE=11.4% RMSE=31.1%} test={MAE=11.4% RMSE=31.1%}
検証: epoch=2 average: train={MAE=18.0% RMSE=41.0%} test={MAE=18.0% RMSE=40.9%}
検証: epoch=3 average: train={MAE= 2.3% RMSE= 6.0%} test={MAE= 2.3% RMSE= 6.0%}
検証: epoch=4 average: train={MAE= 0.2% RMSE= 0.6%} test={MAE= 0.2% RMSE= 0.6%}
検証: epoch=5 average: train={MAE= 0.4% RMSE= 1.1%} test={MAE= 0.4% RMSE= 1.1%}
検証: epoch=6 average: train={MAE=12.0% RMSE=29.8%} test={MAE=12.0% RMSE=29.7%}
検証: epoch=7 average: train={MAE= 0.1% RMSE= 0.3%} test={MAE= 0.1% RMSE= 0.3%}
学習完了: 8.227秒
class[0]: 適合率=100.0% 再現率=100.0% F値=100.0% 選択率=10.0% 分布=10.0%
class[1]: 適合率=100.0% 再現率=100.0% F値=100.0% 選択率=10.0% 分布=10.0%
class[2]: 適合率=100.0% 再現率=100.0% F値=100.0% 選択率=10.0% 分布=10.0%
class[3]: 適合率=100.0% 再現率=100.0% F値=100.0% 選択率=10.0% 分布=10.0%
class[4]: 適合率=100.0% 再現率=100.0% F値=100.0% 選択率=10.0% 分布=10.0%
class[5]: 適合率=100.0% 再現率=100.0% F値=100.0% 選択率=10.0% 分布=10.0%
class[6]: 適合率=100.0% 再現率=100.0% F値=100.0% 選択率=10.0% 分布=10.0%
class[7]: 適合率=100.0% 再現率=100.0% F値=100.0% 選択率=10.0% 分布=10.0%
class[8]: 適合率=100.0% 再現率=100.0% F値=100.0% 選択率=10.0% 分布=10.0%
class[9]: 適合率=100.0% 再現率=100.0% F値=100.0% 選択率=10.0% 分布=10.0%
average:  適合率=100.0% 再現率=100.0% F値=100.0%
検証完了: 0ミリ秒/回
